Using pre-set license
Built from '2022.3/china_unity/release' branch; Version is '2022.3.8f1c1 (4ec8ee1b2212) revision 5163246'; Using compiler version '192829333'; Build Type 'Release'
OS: 'Windows 10  (10.0.19045) 64bit Professional' Language: 'zh' Physical Memory: 32606 MB
BatchMode: 1, IsHumanControllingUs: 0, StartBugReporterOnCrash: 0, Is64bit: 1, IsPro: 1

COMMAND LINE ARGUMENTS:
E:\unity1\2022.3.8f1c1\Editor\Unity.exe
-adb2
-batchMode
-noUpm
-name
AssetImportWorker0
-projectPath
E:/Work/Violence/Assets
-logFile
Logs/AssetImportWorker0.log
-srvPort
64288
Successfully changed project path to: E:/Work/Violence/Assets
E:/Work/Violence/Assets
[UnityMemory] Configuration Parameters - Can be set up in boot.config
    "memorysetup-bucket-allocator-granularity=16"
    "memorysetup-bucket-allocator-bucket-count=8"
    "memorysetup-bucket-allocator-block-size=33554432"
    "memorysetup-bucket-allocator-block-count=8"
    "memorysetup-main-allocator-block-size=16777216"
    "memorysetup-thread-allocator-block-size=16777216"
    "memorysetup-gfx-main-allocator-block-size=16777216"
    "memorysetup-gfx-thread-allocator-block-size=16777216"
    "memorysetup-cache-allocator-block-size=4194304"
    "memorysetup-typetree-allocator-block-size=2097152"
    "memorysetup-profiler-bucket-allocator-granularity=16"
    "memorysetup-profiler-bucket-allocator-bucket-count=8"
    "memorysetup-profiler-bucket-allocator-block-size=33554432"
    "memorysetup-profiler-bucket-allocator-block-count=8"
    "memorysetup-profiler-allocator-block-size=16777216"
    "memorysetup-profiler-editor-allocator-block-size=1048576"
    "memorysetup-temp-allocator-size-main=16777216"
    "memorysetup-job-temp-allocator-block-size=2097152"
    "memorysetup-job-temp-allocator-block-size-background=1048576"
    "memorysetup-job-temp-allocator-reduction-small-platforms=262144"
    "memorysetup-allocator-temp-initial-block-size-main=262144"
    "memorysetup-allocator-temp-initial-block-size-worker=262144"
    "memorysetup-temp-allocator-size-background-worker=32768"
    "memorysetup-temp-allocator-size-job-worker=262144"
    "memorysetup-temp-allocator-size-preload-manager=33554432"
    "memorysetup-temp-allocator-size-nav-mesh-worker=65536"
    "memorysetup-temp-allocator-size-audio-worker=65536"
    "memorysetup-temp-allocator-size-cloud-worker=32768"
    "memorysetup-temp-allocator-size-gi-baking-worker=262144"
    "memorysetup-temp-allocator-size-gfx=262144"
Player connection [22172] Host "[IP] 192.168.1.56 [Port] 0 [Flags] 2 [Guid] 1541750305 [EditorId] 1541750305 [Version] 1048832 [Id] WindowsEditor(7,Chiakinanami) [Debug] 1 [PackageName] WindowsEditor [ProjectName] Editor" joined multi-casting on [225.0.0.222:54997]...

Player connection [22172] Host "[IP] 192.168.1.56 [Port] 0 [Flags] 2 [Guid] 1541750305 [EditorId] 1541750305 [Version] 1048832 [Id] WindowsEditor(7,Chiakinanami) [Debug] 1 [PackageName] WindowsEditor [ProjectName] Editor" joined alternative multi-casting on [225.0.0.222:34997]...

[Physics::Module] Initialized MultithreadedJobDispatcher with 15 workers.
Refreshing native plugins compatible for Editor in 0.00 ms, found 0 plugins.
Preloading 0 native plugins for Editor in 0.00 ms.
Initialize engine version: 2022.3.8f1c1 (4ec8ee1b2212)
[Subsystems] Discovering subsystems at path E:/unity1/2022.3.8f1c1/Editor/Data/Resources/UnitySubsystems
[Subsystems] Discovering subsystems at path E:/Work/Violence/Assets/Assets
GfxDevice: creating device client; threaded=0; jobified=0
Direct3D:
    Version:  Direct3D 11.0 [level 11.1]
    Renderer: NVIDIA GeForce RTX 4060 (ID=0x2882)
    Vendor:   NVIDIA
    VRAM:     7971 MB
    Driver:   31.0.15.3713
Initialize mono
Mono path[0] = 'E:/unity1/2022.3.8f1c1/Editor/Data/Managed'
Mono path[1] = 'E:/unity1/2022.3.8f1c1/Editor/Data/MonoBleedingEdge/lib/mono/unityjit-win32'
Mono config path = 'E:/unity1/2022.3.8f1c1/Editor/Data/MonoBleedingEdge/etc'
Using monoOptions --debugger-agent=transport=dt_socket,embedding=1,server=y,suspend=n,address=127.0.0.1:56148
Begin MonoManager ReloadAssembly
Registering precompiled unity dll's ...
Register platform support module: E:/unity1/2022.3.8f1c1/Editor/Data/PlaybackEngines/WebGLSupport/UnityEditor.WebGL.Extensions.dll
Register platform support module: E:/unity1/2022.3.8f1c1/Editor/Data/PlaybackEngines/WindowsStandaloneSupport/UnityEditor.WindowsStandalone.Extensions.dll
Registered in 0.008792 seconds.
- Loaded All Assemblies, in  0.383 seconds
Native extension for WindowsStandalone target not found
Native extension for WebGL target not found
Mono: successfully reloaded assembly
- Finished resetting the current domain, in  0.310 seconds
Domain Reload Profiling: 690ms
	BeginReloadAssembly (109ms)
		ExecutionOrderSort (0ms)
		DisableScriptedObjects (0ms)
		BackupInstance (0ms)
		ReleaseScriptingObjects (0ms)
		CreateAndSetChildDomain (1ms)
	RebuildCommonClasses (37ms)
	RebuildNativeTypeToScriptingClass (13ms)
	initialDomainReloadingComplete (65ms)
	LoadAllAssembliesAndSetupDomain (156ms)
		LoadAssemblies (106ms)
		RebuildTransferFunctionScriptingTraits (0ms)
		AnalyzeDomain (154ms)
			TypeCache.Refresh (152ms)
				TypeCache.ScanAssembly (139ms)
			ScanForSourceGeneratedMonoScriptInfo (0ms)
			ResolveRequiredComponents (1ms)
	FinalizeReload (310ms)
		ReleaseScriptCaches (0ms)
		RebuildScriptCaches (0ms)
		SetupLoadedEditorAssemblies (236ms)
			LogAssemblyErrors (0ms)
			InitializePlatformSupportModulesInManaged (12ms)
			SetLoadedEditorAssemblies (7ms)
			RefreshPlugins (0ms)
			BeforeProcessingInitializeOnLoad (3ms)
			ProcessInitializeOnLoadAttributes (153ms)
			ProcessInitializeOnLoadMethodAttributes (60ms)
			AfterProcessingInitializeOnLoad (0ms)
			EditorAssembliesLoaded (0ms)
		ExecutionOrderSort2 (0ms)
		AwakeInstancesAfterBackupRestoration (0ms)
========================================================================
Worker process is ready to serve import requests
Begin MonoManager ReloadAssembly
- Loaded All Assemblies, in  0.235 seconds
Refreshing native plugins compatible for Editor in 0.00 ms, found 0 plugins.
Native extension for WindowsStandalone target not found
Native extension for WebGL target not found
Mono: successfully reloaded assembly
- Finished resetting the current domain, in  0.381 seconds
Domain Reload Profiling: 614ms
	BeginReloadAssembly (150ms)
		ExecutionOrderSort (0ms)
		DisableScriptedObjects (7ms)
		BackupInstance (0ms)
		ReleaseScriptingObjects (0ms)
		CreateAndSetChildDomain (19ms)
	RebuildCommonClasses (37ms)
	RebuildNativeTypeToScriptingClass (13ms)
	initialDomainReloadingComplete (26ms)
	LoadAllAssembliesAndSetupDomain (7ms)
		LoadAssemblies (86ms)
		RebuildTransferFunctionScriptingTraits (0ms)
		AnalyzeDomain (4ms)
			TypeCache.Refresh (3ms)
				TypeCache.ScanAssembly (0ms)
			ScanForSourceGeneratedMonoScriptInfo (0ms)
			ResolveRequiredComponents (1ms)
	FinalizeReload (382ms)
		ReleaseScriptCaches (0ms)
		RebuildScriptCaches (0ms)
		SetupLoadedEditorAssemblies (226ms)
			LogAssemblyErrors (0ms)
			InitializePlatformSupportModulesInManaged (8ms)
			SetLoadedEditorAssemblies (8ms)
			RefreshPlugins (0ms)
			BeforeProcessingInitializeOnLoad (29ms)
			ProcessInitializeOnLoadAttributes (153ms)
			ProcessInitializeOnLoadMethodAttributes (22ms)
			AfterProcessingInitializeOnLoad (8ms)
			EditorAssembliesLoaded (0ms)
		ExecutionOrderSort2 (0ms)
		AwakeInstancesAfterBackupRestoration (8ms)
Launched and connected shader compiler UnityShaderCompiler.exe after 0.04 seconds
Refreshing native plugins compatible for Editor in 0.00 ms, found 0 plugins.
Preloading 0 native plugins for Editor in 0.00 ms.
Unloading 6 Unused Serialized files (Serialized files now loaded: 0)
Unloading 3 unused Assets / (39.9 KB). Loaded Objects now: 477.
Memory consumption went from 45.2 MB to 45.2 MB.
Total: 1.521200 ms (FindLiveObjects: 0.026700 ms CreateObjectMapping: 0.002800 ms MarkObjects: 1.445000 ms  DeleteObjects: 0.046100 ms)

AssetImportParameters requested are different than current active one (requested -> active):
  custom:video-decoder-ogg-theora: a1e56fd34408186e4bbccfd4996cb3dc -> 
  custom:container-muxer-webm: aa71ff27fc2769a1b78a27578f13a17b -> 
  custom:container-demuxer-webm: 4f35f7cbe854078d1ac9338744f61a02 -> 
  custom:video-encoder-webm-vp8: eb34c28f22e8b96e1ab97ce403110664 -> 
  custom:CustomObjectIndexerAttribute: 756ad292c208cfabdd7b50bc23989ffe -> 
  custom:audio-encoder-webm-vorbis: bf7c407c2cedff20999df2af8eb42d56 -> 
  custom:framework-win-MediaFoundation: 216162199b28c13a410421893ffa2e32 -> 
  custom:SearchIndexIgnoredProperties: e643bd26f0fe6173181afceb89e7c659 -> 
  custom:container-demuxer-ogg: 62fdf1f143b41e24485cea50d1cbac27 -> 
  custom:video-decoder-webm-vp8: 9c59270c3fd7afecdb556c50c9e8de78 -> 
  custom:audio-decoder-ogg-vorbis: bf7c407c2cedff20999df2af8eb42d56 -> 
  custom:AudioImporter_EditorPlatform: d09bf68614088b80899f8185d706f6e7 -> 
========================================================================
Received Import Request.
  Time since last request: 300108.460627 seconds.
  path: Assets/Buildings_22.asset
  artifactKey: Guid(6cdfe27e4e6eddd43a63af84c280174b) Importer(815301076,1909f56bfc062723c751e8b465ee728b)
Start importing Assets/Buildings_22.asset using Guid(6cdfe27e4e6eddd43a63af84c280174b) Importer(815301076,1909f56bfc062723c751e8b465ee728b)  -> (artifact id: '902bd77316821afbb7a78c156329d8e0') in 0.078025 seconds
Number of updated asset objects reloaded before import = 0
Number of asset objects unloaded after import = 3
========================================================================
Received Import Request.
  Time since last request: 0.000015 seconds.
  path: Assets/Buildings_8.asset
  artifactKey: Guid(612f812d97b93044bb7fb7c28cfa2ee1) Importer(815301076,1909f56bfc062723c751e8b465ee728b)
Start importing Assets/Buildings_8.asset using Guid(612f812d97b93044bb7fb7c28cfa2ee1) Importer(815301076,1909f56bfc062723c751e8b465ee728b)  -> (artifact id: '967a6f60a22dfcf946aff671165dca70') in 0.008841 seconds
Number of updated asset objects reloaded before import = 0
Number of asset objects unloaded after import = 3
========================================================================
Received Import Request.
  Time since last request: 0.000052 seconds.
  path: Assets/Buildings_9.asset
  artifactKey: Guid(f7d3e06e17bf1294a9b3a07733dc4ffc) Importer(815301076,1909f56bfc062723c751e8b465ee728b)
Start importing Assets/Buildings_9.asset using Guid(f7d3e06e17bf1294a9b3a07733dc4ffc) Importer(815301076,1909f56bfc062723c751e8b465ee728b)  -> (artifact id: 'fe380b3c3ecbc83e10e155a62d0d95c9') in 0.008322 seconds
Number of updated asset objects reloaded before import = 0
Number of asset objects unloaded after import = 3
========================================================================
Received Import Request.
  Time since last request: 0.000014 seconds.
  path: Assets/Buildings_25.asset
  artifactKey: Guid(2a4ec7c330b6bf447a52c53dfee20176) Importer(815301076,1909f56bfc062723c751e8b465ee728b)
Start importing Assets/Buildings_25.asset using Guid(2a4ec7c330b6bf447a52c53dfee20176) Importer(815301076,1909f56bfc062723c751e8b465ee728b)  -> (artifact id: '578c96d5b793737c0ad1a819044b7f1a') in 0.008556 seconds
Number of updated asset objects reloaded before import = 0
Number of asset objects unloaded after import = 3
========================================================================
Received Import Request.
  Time since last request: 0.000013 seconds.
  path: Assets/Buildings_34.asset
  artifactKey: Guid(317bd038cf0fbc34e8053b156b8435a1) Importer(815301076,1909f56bfc062723c751e8b465ee728b)
Start importing Assets/Buildings_34.asset using Guid(317bd038cf0fbc34e8053b156b8435a1) Importer(815301076,1909f56bfc062723c751e8b465ee728b)  -> (artifact id: '3e5323a9bdf72210aff22bb4fc61b28a') in 0.008425 seconds
Number of updated asset objects reloaded before import = 0
Number of asset objects unloaded after import = 3
========================================================================
Received Import Request.
  Time since last request: 0.000044 seconds.
  path: Assets/Buildings_39.asset
  artifactKey: Guid(d72e0698ec1bd0a4dbf176f67d544b16) Importer(815301076,1909f56bfc062723c751e8b465ee728b)
Start importing Assets/Buildings_39.asset using Guid(d72e0698ec1bd0a4dbf176f67d544b16) Importer(815301076,1909f56bfc062723c751e8b465ee728b)  -> (artifact id: 'ab61cc0a0006391f6e808f926e488088') in 0.008736 seconds
Number of updated asset objects reloaded before import = 0
Number of asset objects unloaded after import = 3
========================================================================
Received Import Request.
  Time since last request: 0.000013 seconds.
  path: Assets/Buildings_37.asset
  artifactKey: Guid(be73b271004d80b438d5ec430ee38bb9) Importer(815301076,1909f56bfc062723c751e8b465ee728b)
Start importing Assets/Buildings_37.asset using Guid(be73b271004d80b438d5ec430ee38bb9) Importer(815301076,1909f56bfc062723c751e8b465ee728b)  -> (artifact id: '25e33a78e7a1081f4194017f67cff819') in 0.008971 seconds
Number of updated asset objects reloaded before import = 0
Number of asset objects unloaded after import = 3
========================================================================
Received Import Request.
  Time since last request: 0.000014 seconds.
  path: Assets/Buildings_20.asset
  artifactKey: Guid(a1c77b217ae1d93408ccd760c51d5012) Importer(815301076,1909f56bfc062723c751e8b465ee728b)
Start importing Assets/Buildings_20.asset using Guid(a1c77b217ae1d93408ccd760c51d5012) Importer(815301076,1909f56bfc062723c751e8b465ee728b)  -> (artifact id: 'd3a1e3e854165b4bf495a46dc3bd3401') in 0.007729 seconds
Number of updated asset objects reloaded before import = 0
Number of asset objects unloaded after import = 3
========================================================================
Received Import Request.
  Time since last request: 0.000013 seconds.
  path: Assets/Buildings_19.asset
  artifactKey: Guid(dd3da900cd06ff54d88e99ce441c4eeb) Importer(815301076,1909f56bfc062723c751e8b465ee728b)
Start importing Assets/Buildings_19.asset using Guid(dd3da900cd06ff54d88e99ce441c4eeb) Importer(815301076,1909f56bfc062723c751e8b465ee728b)  -> (artifact id: '95ac2b67997a58747606cb3fc9512365') in 0.007897 seconds
Number of updated asset objects reloaded before import = 0
Number of asset objects unloaded after import = 3
========================================================================
Received Import Request.
  Time since last request: 0.000013 seconds.
  path: Assets/Buildings_18.asset
  artifactKey: Guid(e8b644bc7b2994e499d2199bf21322d5) Importer(815301076,1909f56bfc062723c751e8b465ee728b)
Start importing Assets/Buildings_18.asset using Guid(e8b644bc7b2994e499d2199bf21322d5) Importer(815301076,1909f56bfc062723c751e8b465ee728b)  -> (artifact id: 'b688bb6ae6477178661b2bfa8a4111b3') in 0.007797 seconds
Number of updated asset objects reloaded before import = 0
Number of asset objects unloaded after import = 3
========================================================================
Received Import Request.
  Time since last request: 0.000013 seconds.
  path: Assets/Buildings_16.asset
  artifactKey: Guid(00c55666af885cd43b38132b8c92fb90) Importer(815301076,1909f56bfc062723c751e8b465ee728b)
Start importing Assets/Buildings_16.asset using Guid(00c55666af885cd43b38132b8c92fb90) Importer(815301076,1909f56bfc062723c751e8b465ee728b)  -> (artifact id: 'fa01fde8e28643037f70b883aa072dfb') in 0.008932 seconds
Number of updated asset objects reloaded before import = 0
Number of asset objects unloaded after import = 3
========================================================================
Received Import Request.
  Time since last request: 0.000017 seconds.
  path: Assets/Buildings_17.asset
  artifactKey: Guid(02d3489b9a86d5d4786d20be4797e0c9) Importer(815301076,1909f56bfc062723c751e8b465ee728b)
Start importing Assets/Buildings_17.asset using Guid(02d3489b9a86d5d4786d20be4797e0c9) Importer(815301076,1909f56bfc062723c751e8b465ee728b)  -> (artifact id: 'd1fc9b6cb3a0f24fb2460f19edff7660') in 0.009456 seconds
Number of updated asset objects reloaded before import = 0
Number of asset objects unloaded after import = 3
========================================================================
Received Import Request.
  Time since last request: 0.000018 seconds.
  path: Assets/Buildings_35.asset
  artifactKey: Guid(95e0c0e7df51e6f4b9e4cb84d3bda9b6) Importer(815301076,1909f56bfc062723c751e8b465ee728b)
Start importing Assets/Buildings_35.asset using Guid(95e0c0e7df51e6f4b9e4cb84d3bda9b6) Importer(815301076,1909f56bfc062723c751e8b465ee728b)  -> (artifact id: 'b20add84a819e7ec8ad86d246b3e2133') in 0.009433 seconds
Number of updated asset objects reloaded before import = 0
Number of asset objects unloaded after import = 3
========================================================================
Received Import Request.
  Time since last request: 0.000018 seconds.
  path: Assets/Buildings_40.asset
  artifactKey: Guid(1948a0c324dcc4b418ee5ea710653cf6) Importer(815301076,1909f56bfc062723c751e8b465ee728b)
Start importing Assets/Buildings_40.asset using Guid(1948a0c324dcc4b418ee5ea710653cf6) Importer(815301076,1909f56bfc062723c751e8b465ee728b)  -> (artifact id: '0264bf0532a01f4d67c489590af6d563') in 0.009661 seconds
Number of updated asset objects reloaded before import = 0
Number of asset objects unloaded after import = 3
========================================================================
Received Import Request.
  Time since last request: 0.000018 seconds.
  path: Assets/Buildings_3.asset
  artifactKey: Guid(8db0d0bdd622abc439d8d7850b9a5723) Importer(815301076,1909f56bfc062723c751e8b465ee728b)
Start importing Assets/Buildings_3.asset using Guid(8db0d0bdd622abc439d8d7850b9a5723) Importer(815301076,1909f56bfc062723c751e8b465ee728b)  -> (artifact id: '48c7993ce9acb069150c48c797490261') in 0.011839 seconds
Number of updated asset objects reloaded before import = 0
Number of asset objects unloaded after import = 3
========================================================================
Received Import Request.
  Time since last request: 0.000021 seconds.
  path: Assets/Buildings_0.asset
  artifactKey: Guid(b366e50e8033a6040ac40cbe82abf587) Importer(815301076,1909f56bfc062723c751e8b465ee728b)
Start importing Assets/Buildings_0.asset using Guid(b366e50e8033a6040ac40cbe82abf587) Importer(815301076,1909f56bfc062723c751e8b465ee728b)  -> (artifact id: '2aa644cb1d3fc666fc95a6790494f1b3') in 0.012429 seconds
Number of updated asset objects reloaded before import = 0
Number of asset objects unloaded after import = 3
========================================================================
Received Import Request.
  Time since last request: 0.000022 seconds.
  path: Assets/Buildings_32.asset
  artifactKey: Guid(a00f8edc98ccf5f40b893123f9b3e665) Importer(815301076,1909f56bfc062723c751e8b465ee728b)
Start importing Assets/Buildings_32.asset using Guid(a00f8edc98ccf5f40b893123f9b3e665) Importer(815301076,1909f56bfc062723c751e8b465ee728b)  -> (artifact id: '6e3a04269ea95e426b4b9593bec769ad') in 0.009798 seconds
Number of updated asset objects reloaded before import = 0
Number of asset objects unloaded after import = 3
========================================================================
Received Import Request.
  Time since last request: 0.000026 seconds.
  path: Assets/Buildings_13.asset
  artifactKey: Guid(31543e0eebd45be4f9ce493bbb655264) Importer(815301076,1909f56bfc062723c751e8b465ee728b)
Start importing Assets/Buildings_13.asset using Guid(31543e0eebd45be4f9ce493bbb655264) Importer(815301076,1909f56bfc062723c751e8b465ee728b)  -> (artifact id: 'c5673a9b0369afefe0623af0c5b7ada2') in 0.010484 seconds
Number of updated asset objects reloaded before import = 0
Number of asset objects unloaded after import = 3
========================================================================
Received Import Request.
  Time since last request: 0.000018 seconds.
  path: Assets/Buildings_27.asset
  artifactKey: Guid(bda5e34cd677c11459a6cc961b997b8b) Importer(815301076,1909f56bfc062723c751e8b465ee728b)
Start importing Assets/Buildings_27.asset using Guid(bda5e34cd677c11459a6cc961b997b8b) Importer(815301076,1909f56bfc062723c751e8b465ee728b)  -> (artifact id: 'd156e70f659bbaf8784ebef3b9497f6b') in 0.010937 seconds
Number of updated asset objects reloaded before import = 0
Number of asset objects unloaded after import = 3
