Using pre-set license
Built from '2022.3/china_unity/release' branch; Version is '2022.3.8f1c1 (4ec8ee1b2212) revision 5163246'; Using compiler version '192829333'; Build Type 'Release'
OS: 'Windows 10  (10.0.19045) 64bit Professional' Language: 'zh' Physical Memory: 32606 MB
BatchMode: 1, IsHumanControllingUs: 0, StartBugReporterOnCrash: 0, Is64bit: 1, IsPro: 1

COMMAND LINE ARGUMENTS:
E:\unity1\2022.3.8f1c1\Editor\Unity.exe
-adb2
-batchMode
-noUpm
-name
AssetImportWorker2
-projectPath
E:/Work/Violence/Assets
-logFile
Logs/AssetImportWorker2.log
-srvPort
64288
Successfully changed project path to: E:/Work/Violence/Assets
E:/Work/Violence/Assets
[UnityMemory] Configuration Parameters - Can be set up in boot.config
    "memorysetup-bucket-allocator-granularity=16"
    "memorysetup-bucket-allocator-bucket-count=8"
    "memorysetup-bucket-allocator-block-size=33554432"
    "memorysetup-bucket-allocator-block-count=8"
    "memorysetup-main-allocator-block-size=16777216"
    "memorysetup-thread-allocator-block-size=16777216"
    "memorysetup-gfx-main-allocator-block-size=16777216"
    "memorysetup-gfx-thread-allocator-block-size=16777216"
    "memorysetup-cache-allocator-block-size=4194304"
    "memorysetup-typetree-allocator-block-size=2097152"
    "memorysetup-profiler-bucket-allocator-granularity=16"
    "memorysetup-profiler-bucket-allocator-bucket-count=8"
    "memorysetup-profiler-bucket-allocator-block-size=33554432"
    "memorysetup-profiler-bucket-allocator-block-count=8"
    "memorysetup-profiler-allocator-block-size=16777216"
    "memorysetup-profiler-editor-allocator-block-size=1048576"
    "memorysetup-temp-allocator-size-main=16777216"
    "memorysetup-job-temp-allocator-block-size=2097152"
    "memorysetup-job-temp-allocator-block-size-background=1048576"
    "memorysetup-job-temp-allocator-reduction-small-platforms=262144"
    "memorysetup-allocator-temp-initial-block-size-main=262144"
    "memorysetup-allocator-temp-initial-block-size-worker=262144"
    "memorysetup-temp-allocator-size-background-worker=32768"
    "memorysetup-temp-allocator-size-job-worker=262144"
    "memorysetup-temp-allocator-size-preload-manager=33554432"
    "memorysetup-temp-allocator-size-nav-mesh-worker=65536"
    "memorysetup-temp-allocator-size-audio-worker=65536"
    "memorysetup-temp-allocator-size-cloud-worker=32768"
    "memorysetup-temp-allocator-size-gi-baking-worker=262144"
    "memorysetup-temp-allocator-size-gfx=262144"
Player connection [35976] Host "[IP] 192.168.1.56 [Port] 0 [Flags] 2 [Guid] 2762348291 [EditorId] 2762348291 [Version] 1048832 [Id] WindowsEditor(7,Chiakinanami) [Debug] 1 [PackageName] WindowsEditor [ProjectName] Editor" joined multi-casting on [225.0.0.222:54997]...

Player connection [35976] Host "[IP] 192.168.1.56 [Port] 0 [Flags] 2 [Guid] 2762348291 [EditorId] 2762348291 [Version] 1048832 [Id] WindowsEditor(7,Chiakinanami) [Debug] 1 [PackageName] WindowsEditor [ProjectName] Editor" joined alternative multi-casting on [225.0.0.222:34997]...

[Physics::Module] Initialized MultithreadedJobDispatcher with 15 workers.
Refreshing native plugins compatible for Editor in 0.00 ms, found 0 plugins.
Preloading 0 native plugins for Editor in 0.00 ms.
Initialize engine version: 2022.3.8f1c1 (4ec8ee1b2212)
[Subsystems] Discovering subsystems at path E:/unity1/2022.3.8f1c1/Editor/Data/Resources/UnitySubsystems
[Subsystems] Discovering subsystems at path E:/Work/Violence/Assets/Assets
GfxDevice: creating device client; threaded=0; jobified=0
Direct3D:
    Version:  Direct3D 11.0 [level 11.1]
    Renderer: NVIDIA GeForce RTX 4060 (ID=0x2882)
    Vendor:   NVIDIA
    VRAM:     7971 MB
    Driver:   31.0.15.3713
Initialize mono
Mono path[0] = 'E:/unity1/2022.3.8f1c1/Editor/Data/Managed'
Mono path[1] = 'E:/unity1/2022.3.8f1c1/Editor/Data/MonoBleedingEdge/lib/mono/unityjit-win32'
Mono config path = 'E:/unity1/2022.3.8f1c1/Editor/Data/MonoBleedingEdge/etc'
Using monoOptions --debugger-agent=transport=dt_socket,embedding=1,server=y,suspend=n,address=127.0.0.1:56152
Begin MonoManager ReloadAssembly
Registering precompiled unity dll's ...
Register platform support module: E:/unity1/2022.3.8f1c1/Editor/Data/PlaybackEngines/WebGLSupport/UnityEditor.WebGL.Extensions.dll
Register platform support module: E:/unity1/2022.3.8f1c1/Editor/Data/PlaybackEngines/WindowsStandaloneSupport/UnityEditor.WindowsStandalone.Extensions.dll
Registered in 0.008943 seconds.
- Loaded All Assemblies, in  0.373 seconds
Native extension for WindowsStandalone target not found
Native extension for WebGL target not found
Mono: successfully reloaded assembly
- Finished resetting the current domain, in  0.312 seconds
Domain Reload Profiling: 682ms
	BeginReloadAssembly (96ms)
		ExecutionOrderSort (0ms)
		DisableScriptedObjects (0ms)
		BackupInstance (0ms)
		ReleaseScriptingObjects (0ms)
		CreateAndSetChildDomain (0ms)
	RebuildCommonClasses (37ms)
	RebuildNativeTypeToScriptingClass (12ms)
	initialDomainReloadingComplete (66ms)
	LoadAllAssembliesAndSetupDomain (158ms)
		LoadAssemblies (95ms)
		RebuildTransferFunctionScriptingTraits (0ms)
		AnalyzeDomain (156ms)
			TypeCache.Refresh (154ms)
				TypeCache.ScanAssembly (141ms)
			ScanForSourceGeneratedMonoScriptInfo (0ms)
			ResolveRequiredComponents (1ms)
	FinalizeReload (313ms)
		ReleaseScriptCaches (0ms)
		RebuildScriptCaches (0ms)
		SetupLoadedEditorAssemblies (237ms)
			LogAssemblyErrors (0ms)
			InitializePlatformSupportModulesInManaged (12ms)
			SetLoadedEditorAssemblies (7ms)
			RefreshPlugins (0ms)
			BeforeProcessingInitializeOnLoad (3ms)
			ProcessInitializeOnLoadAttributes (157ms)
			ProcessInitializeOnLoadMethodAttributes (58ms)
			AfterProcessingInitializeOnLoad (0ms)
			EditorAssembliesLoaded (0ms)
		ExecutionOrderSort2 (0ms)
		AwakeInstancesAfterBackupRestoration (0ms)
========================================================================
Worker process is ready to serve import requests
Begin MonoManager ReloadAssembly
- Loaded All Assemblies, in  0.232 seconds
Refreshing native plugins compatible for Editor in 0.00 ms, found 0 plugins.
Native extension for WindowsStandalone target not found
Native extension for WebGL target not found
Mono: successfully reloaded assembly
- Finished resetting the current domain, in  0.381 seconds
Domain Reload Profiling: 611ms
	BeginReloadAssembly (144ms)
		ExecutionOrderSort (0ms)
		DisableScriptedObjects (7ms)
		BackupInstance (0ms)
		ReleaseScriptingObjects (0ms)
		CreateAndSetChildDomain (19ms)
	RebuildCommonClasses (37ms)
	RebuildNativeTypeToScriptingClass (13ms)
	initialDomainReloadingComplete (29ms)
	LoadAllAssembliesAndSetupDomain (7ms)
		LoadAssemblies (77ms)
		RebuildTransferFunctionScriptingTraits (0ms)
		AnalyzeDomain (5ms)
			TypeCache.Refresh (3ms)
				TypeCache.ScanAssembly (0ms)
			ScanForSourceGeneratedMonoScriptInfo (0ms)
			ResolveRequiredComponents (0ms)
	FinalizeReload (381ms)
		ReleaseScriptCaches (0ms)
		RebuildScriptCaches (0ms)
		SetupLoadedEditorAssemblies (226ms)
			LogAssemblyErrors (0ms)
			InitializePlatformSupportModulesInManaged (8ms)
			SetLoadedEditorAssemblies (8ms)
			RefreshPlugins (0ms)
			BeforeProcessingInitializeOnLoad (29ms)
			ProcessInitializeOnLoadAttributes (150ms)
			ProcessInitializeOnLoadMethodAttributes (24ms)
			AfterProcessingInitializeOnLoad (8ms)
			EditorAssembliesLoaded (0ms)
		ExecutionOrderSort2 (0ms)
		AwakeInstancesAfterBackupRestoration (8ms)
Launched and connected shader compiler UnityShaderCompiler.exe after 0.04 seconds
Refreshing native plugins compatible for Editor in 0.00 ms, found 0 plugins.
Preloading 0 native plugins for Editor in 0.00 ms.
Unloading 6 Unused Serialized files (Serialized files now loaded: 0)
Unloading 3 unused Assets / (39.8 KB). Loaded Objects now: 477.
Memory consumption went from 45.6 MB to 45.5 MB.
Total: 1.507300 ms (FindLiveObjects: 0.023200 ms CreateObjectMapping: 0.002700 ms MarkObjects: 1.436200 ms  DeleteObjects: 0.044300 ms)

AssetImportParameters requested are different than current active one (requested -> active):
  custom:video-decoder-ogg-theora: a1e56fd34408186e4bbccfd4996cb3dc -> 
  custom:container-muxer-webm: aa71ff27fc2769a1b78a27578f13a17b -> 
  custom:container-demuxer-webm: 4f35f7cbe854078d1ac9338744f61a02 -> 
  custom:video-encoder-webm-vp8: eb34c28f22e8b96e1ab97ce403110664 -> 
  custom:CustomObjectIndexerAttribute: 756ad292c208cfabdd7b50bc23989ffe -> 
  custom:audio-encoder-webm-vorbis: bf7c407c2cedff20999df2af8eb42d56 -> 
  custom:framework-win-MediaFoundation: 216162199b28c13a410421893ffa2e32 -> 
  custom:SearchIndexIgnoredProperties: e643bd26f0fe6173181afceb89e7c659 -> 
  custom:container-demuxer-ogg: 62fdf1f143b41e24485cea50d1cbac27 -> 
  custom:video-decoder-webm-vp8: 9c59270c3fd7afecdb556c50c9e8de78 -> 
  custom:audio-decoder-ogg-vorbis: bf7c407c2cedff20999df2af8eb42d56 -> 
  custom:AudioImporter_EditorPlatform: d09bf68614088b80899f8185d706f6e7 -> 
========================================================================
Received Import Request.
  Time since last request: 300108.521136 seconds.
  path: Assets/Buildings_15.asset
  artifactKey: Guid(099df78bd2ad6404d9dfa8eb1c0dc412) Importer(815301076,1909f56bfc062723c751e8b465ee728b)
Start importing Assets/Buildings_15.asset using Guid(099df78bd2ad6404d9dfa8eb1c0dc412) Importer(815301076,1909f56bfc062723c751e8b465ee728b)  -> (artifact id: 'd31d5b932cf8c0a740b0ca2ee0a3e8a0') in 0.077592 seconds
Number of updated asset objects reloaded before import = 0
Number of asset objects unloaded after import = 3
========================================================================
Received Import Request.
  Time since last request: 0.000016 seconds.
  path: Assets/Buildings_6.asset
  artifactKey: Guid(959af61c72777c44bb38bf5a2ae739e5) Importer(815301076,1909f56bfc062723c751e8b465ee728b)
Start importing Assets/Buildings_6.asset using Guid(959af61c72777c44bb38bf5a2ae739e5) Importer(815301076,1909f56bfc062723c751e8b465ee728b)  -> (artifact id: '6f692ca62c1aa30f0756bee4dfaf3402') in 0.008781 seconds
Number of updated asset objects reloaded before import = 0
Number of asset objects unloaded after import = 3
========================================================================
Received Import Request.
  Time since last request: 0.000014 seconds.
  path: Assets/Buildings_12.asset
  artifactKey: Guid(fb971fa54985a6c4182d17e7204872d1) Importer(815301076,1909f56bfc062723c751e8b465ee728b)
Start importing Assets/Buildings_12.asset using Guid(fb971fa54985a6c4182d17e7204872d1) Importer(815301076,1909f56bfc062723c751e8b465ee728b)  -> (artifact id: 'd874d382e84db3aca4495210966fbd61') in 0.008584 seconds
Number of updated asset objects reloaded before import = 0
Number of asset objects unloaded after import = 3
========================================================================
Received Import Request.
  Time since last request: 0.000013 seconds.
  path: Assets/Buildings_23.asset
  artifactKey: Guid(1f4168f21febc2444b4090b80b60bd7f) Importer(815301076,1909f56bfc062723c751e8b465ee728b)
Start importing Assets/Buildings_23.asset using Guid(1f4168f21febc2444b4090b80b60bd7f) Importer(815301076,1909f56bfc062723c751e8b465ee728b)  -> (artifact id: '041e4ba991711a8b74c7a42d25be21c2') in 0.008721 seconds
Number of updated asset objects reloaded before import = 0
Number of asset objects unloaded after import = 3
========================================================================
Received Import Request.
  Time since last request: 0.000013 seconds.
  path: Assets/Buildings_36.asset
  artifactKey: Guid(4ce87777a613aa04aa71b685607cf9e6) Importer(815301076,1909f56bfc062723c751e8b465ee728b)
Start importing Assets/Buildings_36.asset using Guid(4ce87777a613aa04aa71b685607cf9e6) Importer(815301076,1909f56bfc062723c751e8b465ee728b)  -> (artifact id: '2f3e1d6e57d8c5bcf987b408180a5c82') in 0.009052 seconds
Number of updated asset objects reloaded before import = 0
Number of asset objects unloaded after import = 3
========================================================================
Received Import Request.
  Time since last request: 0.000015 seconds.
  path: Assets/Buildings_30.asset
  artifactKey: Guid(d6f6f22180400644ea6b2932463af5c4) Importer(815301076,1909f56bfc062723c751e8b465ee728b)
Start importing Assets/Buildings_30.asset using Guid(d6f6f22180400644ea6b2932463af5c4) Importer(815301076,1909f56bfc062723c751e8b465ee728b)  -> (artifact id: '28dccd2c3698aa73e6038e9a607a8e89') in 0.008796 seconds
Number of updated asset objects reloaded before import = 0
Number of asset objects unloaded after import = 3
========================================================================
Received Import Request.
  Time since last request: 0.000013 seconds.
  path: Assets/Buildings_33.asset
  artifactKey: Guid(ceddc9c37002805438a33af672bb4f30) Importer(815301076,1909f56bfc062723c751e8b465ee728b)
Start importing Assets/Buildings_33.asset using Guid(ceddc9c37002805438a33af672bb4f30) Importer(815301076,1909f56bfc062723c751e8b465ee728b)  -> (artifact id: 'c6515a4bfa4dbc9df7dbeeb3126c0f15') in 0.007888 seconds
Number of updated asset objects reloaded before import = 0
Number of asset objects unloaded after import = 3
========================================================================
Received Import Request.
  Time since last request: 0.000014 seconds.
  path: Assets/Buildings_1.asset
  artifactKey: Guid(e1f14a32f2d45904d9e52000b91d9242) Importer(815301076,1909f56bfc062723c751e8b465ee728b)
Start importing Assets/Buildings_1.asset using Guid(e1f14a32f2d45904d9e52000b91d9242) Importer(815301076,1909f56bfc062723c751e8b465ee728b)  -> (artifact id: 'e8d411b6a6f5b2305c17605052e0a0eb') in 0.008382 seconds
Number of updated asset objects reloaded before import = 0
Number of asset objects unloaded after import = 3
========================================================================
Received Import Request.
  Time since last request: 0.000013 seconds.
  path: Assets/Buildings_4.asset
  artifactKey: Guid(ccc945916ba697242851429e76cfda1a) Importer(815301076,1909f56bfc062723c751e8b465ee728b)
Start importing Assets/Buildings_4.asset using Guid(ccc945916ba697242851429e76cfda1a) Importer(815301076,1909f56bfc062723c751e8b465ee728b)  -> (artifact id: '75814ed4ddc5f85cde3f0620492e112a') in 0.011564 seconds
Number of updated asset objects reloaded before import = 0
Number of asset objects unloaded after import = 3
========================================================================
Received Import Request.
  Time since last request: 0.000018 seconds.
  path: Assets/Buildings_41.asset
  artifactKey: Guid(d51eed62d3db40844836f0477329983e) Importer(815301076,1909f56bfc062723c751e8b465ee728b)
Start importing Assets/Buildings_41.asset using Guid(d51eed62d3db40844836f0477329983e) Importer(815301076,1909f56bfc062723c751e8b465ee728b)  -> (artifact id: 'ae2479cad0f0a3061de349854a96a08b') in 0.011112 seconds
Number of updated asset objects reloaded before import = 0
Number of asset objects unloaded after import = 3
========================================================================
Received Import Request.
  Time since last request: 0.000013 seconds.
  path: Assets/Buildings_5.asset
  artifactKey: Guid(83505d91957923345b4566541b22b1f9) Importer(815301076,1909f56bfc062723c751e8b465ee728b)
Start importing Assets/Buildings_5.asset using Guid(83505d91957923345b4566541b22b1f9) Importer(815301076,1909f56bfc062723c751e8b465ee728b)  -> (artifact id: 'c284f763737df623093bc6179a907340') in 0.008759 seconds
Number of updated asset objects reloaded before import = 0
Number of asset objects unloaded after import = 3
========================================================================
Received Import Request.
  Time since last request: 0.000020 seconds.
  path: Assets/Buildings_29.asset
  artifactKey: Guid(3590c4e9a5d899649b37cc5440ecb737) Importer(815301076,1909f56bfc062723c751e8b465ee728b)
Start importing Assets/Buildings_29.asset using Guid(3590c4e9a5d899649b37cc5440ecb737) Importer(815301076,1909f56bfc062723c751e8b465ee728b)  -> (artifact id: 'f11684110242a62709f5ba8f66b634ba') in 0.011608 seconds
Number of updated asset objects reloaded before import = 0
Number of asset objects unloaded after import = 3
Editor requested this worker to shutdown with reason: Scaling down because of idle timeout
TcpMessagingSession - receive error: operation aborted. errorcode: 995, details: 由于线程退出或应用程序请求，已中止 I/O 操作。
AssetImportWorker is now disconnected from the server
Process exiting
Exiting without the bug reporter. Application will terminate with return code 0