Using pre-set license
Built from '2022.3/china_unity/release' branch; Version is '2022.3.8f1c1 (4ec8ee1b2212) revision 5163246'; Using compiler version '192829333'; Build Type 'Release'
OS: 'Windows 10  (10.0.19045) 64bit Professional' Language: 'zh' Physical Memory: 32606 MB
BatchMode: 1, IsHumanControllingUs: 0, StartBugReporterOnCrash: 0, Is64bit: 1, IsPro: 1

COMMAND LINE ARGUMENTS:
E:\unity1\2022.3.8f1c1\Editor\Unity.exe
-adb2
-batchMode
-noUpm
-name
AssetImportWorker1
-projectPath
E:/Work/Violence/Assets
-logFile
Logs/AssetImportWorker1.log
-srvPort
64288
Successfully changed project path to: E:/Work/Violence/Assets
E:/Work/Violence/Assets
[UnityMemory] Configuration Parameters - Can be set up in boot.config
    "memorysetup-bucket-allocator-granularity=16"
    "memorysetup-bucket-allocator-bucket-count=8"
    "memorysetup-bucket-allocator-block-size=33554432"
    "memorysetup-bucket-allocator-block-count=8"
    "memorysetup-main-allocator-block-size=16777216"
    "memorysetup-thread-allocator-block-size=16777216"
    "memorysetup-gfx-main-allocator-block-size=16777216"
    "memorysetup-gfx-thread-allocator-block-size=16777216"
    "memorysetup-cache-allocator-block-size=4194304"
    "memorysetup-typetree-allocator-block-size=2097152"
    "memorysetup-profiler-bucket-allocator-granularity=16"
    "memorysetup-profiler-bucket-allocator-bucket-count=8"
    "memorysetup-profiler-bucket-allocator-block-size=33554432"
    "memorysetup-profiler-bucket-allocator-block-count=8"
    "memorysetup-profiler-allocator-block-size=16777216"
    "memorysetup-profiler-editor-allocator-block-size=1048576"
    "memorysetup-temp-allocator-size-main=16777216"
    "memorysetup-job-temp-allocator-block-size=2097152"
    "memorysetup-job-temp-allocator-block-size-background=1048576"
    "memorysetup-job-temp-allocator-reduction-small-platforms=262144"
    "memorysetup-allocator-temp-initial-block-size-main=262144"
    "memorysetup-allocator-temp-initial-block-size-worker=262144"
    "memorysetup-temp-allocator-size-background-worker=32768"
    "memorysetup-temp-allocator-size-job-worker=262144"
    "memorysetup-temp-allocator-size-preload-manager=33554432"
    "memorysetup-temp-allocator-size-nav-mesh-worker=65536"
    "memorysetup-temp-allocator-size-audio-worker=65536"
    "memorysetup-temp-allocator-size-cloud-worker=32768"
    "memorysetup-temp-allocator-size-gi-baking-worker=262144"
    "memorysetup-temp-allocator-size-gfx=262144"
Player connection [24096] Host "[IP] 192.168.1.56 [Port] 0 [Flags] 2 [Guid] 3772401637 [EditorId] 3772401637 [Version] 1048832 [Id] WindowsEditor(7,Chiakinanami) [Debug] 1 [PackageName] WindowsEditor [ProjectName] Editor" joined multi-casting on [225.0.0.222:54997]...

Player connection [24096] Host "[IP] 192.168.1.56 [Port] 0 [Flags] 2 [Guid] 3772401637 [EditorId] 3772401637 [Version] 1048832 [Id] WindowsEditor(7,Chiakinanami) [Debug] 1 [PackageName] WindowsEditor [ProjectName] Editor" joined alternative multi-casting on [225.0.0.222:34997]...

[Physics::Module] Initialized MultithreadedJobDispatcher with 15 workers.
Refreshing native plugins compatible for Editor in 0.00 ms, found 0 plugins.
Preloading 0 native plugins for Editor in 0.00 ms.
Initialize engine version: 2022.3.8f1c1 (4ec8ee1b2212)
[Subsystems] Discovering subsystems at path E:/unity1/2022.3.8f1c1/Editor/Data/Resources/UnitySubsystems
[Subsystems] Discovering subsystems at path E:/Work/Violence/Assets/Assets
GfxDevice: creating device client; threaded=0; jobified=0
Direct3D:
    Version:  Direct3D 11.0 [level 11.1]
    Renderer: NVIDIA GeForce RTX 4060 (ID=0x2882)
    Vendor:   NVIDIA
    VRAM:     7971 MB
    Driver:   31.0.15.3713
Initialize mono
Mono path[0] = 'E:/unity1/2022.3.8f1c1/Editor/Data/Managed'
Mono path[1] = 'E:/unity1/2022.3.8f1c1/Editor/Data/MonoBleedingEdge/lib/mono/unityjit-win32'
Mono config path = 'E:/unity1/2022.3.8f1c1/Editor/Data/MonoBleedingEdge/etc'
Using monoOptions --debugger-agent=transport=dt_socket,embedding=1,server=y,suspend=n,address=127.0.0.1:56928
Begin MonoManager ReloadAssembly
Registering precompiled unity dll's ...
Register platform support module: E:/unity1/2022.3.8f1c1/Editor/Data/PlaybackEngines/WebGLSupport/UnityEditor.WebGL.Extensions.dll
Register platform support module: E:/unity1/2022.3.8f1c1/Editor/Data/PlaybackEngines/WindowsStandaloneSupport/UnityEditor.WindowsStandalone.Extensions.dll
Registered in 0.004505 seconds.
- Loaded All Assemblies, in  0.286 seconds
Native extension for WindowsStandalone target not found
Native extension for WebGL target not found
Mono: successfully reloaded assembly
- Finished resetting the current domain, in  0.308 seconds
Domain Reload Profiling: 594ms
	BeginReloadAssembly (74ms)
		ExecutionOrderSort (0ms)
		DisableScriptedObjects (0ms)
		BackupInstance (0ms)
		ReleaseScriptingObjects (0ms)
		CreateAndSetChildDomain (1ms)
	RebuildCommonClasses (22ms)
	RebuildNativeTypeToScriptingClass (7ms)
	initialDomainReloadingComplete (38ms)
	LoadAllAssembliesAndSetupDomain (144ms)
		LoadAssemblies (73ms)
		RebuildTransferFunctionScriptingTraits (0ms)
		AnalyzeDomain (143ms)
			TypeCache.Refresh (141ms)
				TypeCache.ScanAssembly (128ms)
			ScanForSourceGeneratedMonoScriptInfo (0ms)
			ResolveRequiredComponents (1ms)
	FinalizeReload (309ms)
		ReleaseScriptCaches (0ms)
		RebuildScriptCaches (0ms)
		SetupLoadedEditorAssemblies (234ms)
			LogAssemblyErrors (0ms)
			InitializePlatformSupportModulesInManaged (12ms)
			SetLoadedEditorAssemblies (7ms)
			RefreshPlugins (0ms)
			BeforeProcessingInitializeOnLoad (3ms)
			ProcessInitializeOnLoadAttributes (155ms)
			ProcessInitializeOnLoadMethodAttributes (57ms)
			AfterProcessingInitializeOnLoad (0ms)
			EditorAssembliesLoaded (0ms)
		ExecutionOrderSort2 (0ms)
		AwakeInstancesAfterBackupRestoration (0ms)
========================================================================
Worker process is ready to serve import requests
Begin MonoManager ReloadAssembly
- Loaded All Assemblies, in  0.239 seconds
Refreshing native plugins compatible for Editor in 0.00 ms, found 0 plugins.
Native extension for WindowsStandalone target not found
Native extension for WebGL target not found
Mono: successfully reloaded assembly
- Finished resetting the current domain, in  0.397 seconds
Domain Reload Profiling: 633ms
	BeginReloadAssembly (151ms)
		ExecutionOrderSort (0ms)
		DisableScriptedObjects (7ms)
		BackupInstance (0ms)
		ReleaseScriptingObjects (0ms)
		CreateAndSetChildDomain (20ms)
	RebuildCommonClasses (38ms)
	RebuildNativeTypeToScriptingClass (13ms)
	initialDomainReloadingComplete (27ms)
	LoadAllAssembliesAndSetupDomain (7ms)
		LoadAssemblies (83ms)
		RebuildTransferFunctionScriptingTraits (0ms)
		AnalyzeDomain (5ms)
			TypeCache.Refresh (3ms)
				TypeCache.ScanAssembly (0ms)
			ScanForSourceGeneratedMonoScriptInfo (0ms)
			ResolveRequiredComponents (0ms)
	FinalizeReload (397ms)
		ReleaseScriptCaches (0ms)
		RebuildScriptCaches (0ms)
		SetupLoadedEditorAssemblies (234ms)
			LogAssemblyErrors (0ms)
			InitializePlatformSupportModulesInManaged (8ms)
			SetLoadedEditorAssemblies (8ms)
			RefreshPlugins (0ms)
			BeforeProcessingInitializeOnLoad (34ms)
			ProcessInitializeOnLoadAttributes (151ms)
			ProcessInitializeOnLoadMethodAttributes (24ms)
			AfterProcessingInitializeOnLoad (8ms)
			EditorAssembliesLoaded (0ms)
		ExecutionOrderSort2 (0ms)
		AwakeInstancesAfterBackupRestoration (9ms)
Launched and connected shader compiler UnityShaderCompiler.exe after 0.04 seconds
Refreshing native plugins compatible for Editor in 0.00 ms, found 0 plugins.
Preloading 0 native plugins for Editor in 0.00 ms.
Unloading 6 Unused Serialized files (Serialized files now loaded: 0)
Unloading 3 unused Assets / (39.8 KB). Loaded Objects now: 477.
Memory consumption went from 45.6 MB to 45.5 MB.
Total: 1.469800 ms (FindLiveObjects: 0.023400 ms CreateObjectMapping: 0.002800 ms MarkObjects: 1.402400 ms  DeleteObjects: 0.040400 ms)

AssetImportParameters requested are different than current active one (requested -> active):
  custom:video-decoder-ogg-theora: a1e56fd34408186e4bbccfd4996cb3dc -> 
  custom:container-muxer-webm: aa71ff27fc2769a1b78a27578f13a17b -> 
  custom:container-demuxer-webm: 4f35f7cbe854078d1ac9338744f61a02 -> 
  custom:video-encoder-webm-vp8: eb34c28f22e8b96e1ab97ce403110664 -> 
  custom:CustomObjectIndexerAttribute: 756ad292c208cfabdd7b50bc23989ffe -> 
  custom:audio-encoder-webm-vorbis: bf7c407c2cedff20999df2af8eb42d56 -> 
  custom:framework-win-MediaFoundation: 216162199b28c13a410421893ffa2e32 -> 
  custom:SearchIndexIgnoredProperties: e643bd26f0fe6173181afceb89e7c659 -> 
  custom:container-demuxer-ogg: 62fdf1f143b41e24485cea50d1cbac27 -> 
  custom:video-decoder-webm-vp8: 9c59270c3fd7afecdb556c50c9e8de78 -> 
  custom:audio-decoder-ogg-vorbis: bf7c407c2cedff20999df2af8eb42d56 -> 
  custom:AudioImporter_EditorPlatform: d09bf68614088b80899f8185d706f6e7 -> 
========================================================================
Received Import Request.
  Time since last request: 300108.376128 seconds.
  path: Assets/Buildings_24.asset
  artifactKey: Guid(7e13d73399b646546b229722da954483) Importer(815301076,1909f56bfc062723c751e8b465ee728b)
Start importing Assets/Buildings_24.asset using Guid(7e13d73399b646546b229722da954483) Importer(815301076,1909f56bfc062723c751e8b465ee728b)  -> (artifact id: 'd05712cdd6664b0d90840b2a170ee865') in 0.090954 seconds
Number of updated asset objects reloaded before import = 0
Number of asset objects unloaded after import = 3
========================================================================
Received Import Request.
  Time since last request: 0.000025 seconds.
  path: Assets/Buildings_21.asset
  artifactKey: Guid(e96d9170365fc124e861fa4db077eff5) Importer(815301076,1909f56bfc062723c751e8b465ee728b)
Start importing Assets/Buildings_21.asset using Guid(e96d9170365fc124e861fa4db077eff5) Importer(815301076,1909f56bfc062723c751e8b465ee728b)  -> (artifact id: '78568f5b5afe409d4273cb7a87689255') in 0.009698 seconds
Number of updated asset objects reloaded before import = 0
Number of asset objects unloaded after import = 3
========================================================================
Received Import Request.
  Time since last request: 0.000016 seconds.
  path: Assets/Buildings_14.asset
  artifactKey: Guid(20ee2a4f72a2b9c4397c4504721e0b43) Importer(815301076,1909f56bfc062723c751e8b465ee728b)
Start importing Assets/Buildings_14.asset using Guid(20ee2a4f72a2b9c4397c4504721e0b43) Importer(815301076,1909f56bfc062723c751e8b465ee728b)  -> (artifact id: 'c66af4f98158000c4320b9af795ff658') in 0.008527 seconds
Number of updated asset objects reloaded before import = 0
Number of asset objects unloaded after import = 3
========================================================================
Received Import Request.
  Time since last request: 0.000013 seconds.
  path: Assets/Buildings_26.asset
  artifactKey: Guid(830eff5fc5d055f41a79a9308a19bb2d) Importer(815301076,1909f56bfc062723c751e8b465ee728b)
Start importing Assets/Buildings_26.asset using Guid(830eff5fc5d055f41a79a9308a19bb2d) Importer(815301076,1909f56bfc062723c751e8b465ee728b)  -> (artifact id: 'e88e65ba5f45241cde4384b4ec2f96e1') in 0.008445 seconds
Number of updated asset objects reloaded before import = 0
Number of asset objects unloaded after import = 3
========================================================================
Received Import Request.
  Time since last request: 0.000013 seconds.
  path: Assets/Buildings_31.asset
  artifactKey: Guid(ccdc21ffd12fe314e85d0afec06648e3) Importer(815301076,1909f56bfc062723c751e8b465ee728b)
Start importing Assets/Buildings_31.asset using Guid(ccdc21ffd12fe314e85d0afec06648e3) Importer(815301076,1909f56bfc062723c751e8b465ee728b)  -> (artifact id: '018a3b449aa46e6559b6ea5b9c346610') in 0.009493 seconds
Number of updated asset objects reloaded before import = 0
Number of asset objects unloaded after import = 3
========================================================================
Received Import Request.
  Time since last request: 0.000018 seconds.
  path: Assets/Buildings_43.asset
  artifactKey: Guid(497acabc097c1c94a9fb12f4cac92499) Importer(815301076,1909f56bfc062723c751e8b465ee728b)
Start importing Assets/Buildings_43.asset using Guid(497acabc097c1c94a9fb12f4cac92499) Importer(815301076,1909f56bfc062723c751e8b465ee728b)  -> (artifact id: 'c47483d4f1a8189a75f35f22492c46f4') in 0.008875 seconds
Number of updated asset objects reloaded before import = 0
Number of asset objects unloaded after import = 3
========================================================================
Received Import Request.
  Time since last request: 0.000013 seconds.
  path: Assets/Buildings_42.asset
  artifactKey: Guid(4811d12d7757fc9438d0060244eb853c) Importer(815301076,1909f56bfc062723c751e8b465ee728b)
Start importing Assets/Buildings_42.asset using Guid(4811d12d7757fc9438d0060244eb853c) Importer(815301076,1909f56bfc062723c751e8b465ee728b)  -> (artifact id: '2d0d8a8601571e29338e0ec70d636daf') in 0.009300 seconds
Number of updated asset objects reloaded before import = 0
Number of asset objects unloaded after import = 3
========================================================================
Received Import Request.
  Time since last request: 0.000016 seconds.
  path: Assets/Buildings_28.asset
  artifactKey: Guid(7cdb7a27d804ad544b7772a40af4bb0f) Importer(815301076,1909f56bfc062723c751e8b465ee728b)
Start importing Assets/Buildings_28.asset using Guid(7cdb7a27d804ad544b7772a40af4bb0f) Importer(815301076,1909f56bfc062723c751e8b465ee728b)  -> (artifact id: '53d588362578095f97115bc7aa3d6ac2') in 0.008760 seconds
Number of updated asset objects reloaded before import = 0
Number of asset objects unloaded after import = 3
========================================================================
Received Import Request.
  Time since last request: 0.000016 seconds.
  path: Assets/Buildings_2.asset
  artifactKey: Guid(8668a4759266ebd4b97029289af86f76) Importer(815301076,1909f56bfc062723c751e8b465ee728b)
Start importing Assets/Buildings_2.asset using Guid(8668a4759266ebd4b97029289af86f76) Importer(815301076,1909f56bfc062723c751e8b465ee728b)  -> (artifact id: '7c5a51a5dfae2e10955057666274df47') in 0.008267 seconds
Number of updated asset objects reloaded before import = 0
Number of asset objects unloaded after import = 3
========================================================================
Received Import Request.
  Time since last request: 0.000014 seconds.
  path: Assets/Buildings_10.asset
  artifactKey: Guid(c04a59e0980f1d64fbd93a52abfc8998) Importer(815301076,1909f56bfc062723c751e8b465ee728b)
Start importing Assets/Buildings_10.asset using Guid(c04a59e0980f1d64fbd93a52abfc8998) Importer(815301076,1909f56bfc062723c751e8b465ee728b)  -> (artifact id: 'e8d7140a6bf7d80fe0ef3c980a1ae410') in 0.008296 seconds
Number of updated asset objects reloaded before import = 0
Number of asset objects unloaded after import = 3
========================================================================
Received Import Request.
  Time since last request: 0.000013 seconds.
  path: Assets/Buildings_7.asset
  artifactKey: Guid(9056951ea2bf6264c850e86715a48eb1) Importer(815301076,1909f56bfc062723c751e8b465ee728b)
Start importing Assets/Buildings_7.asset using Guid(9056951ea2bf6264c850e86715a48eb1) Importer(815301076,1909f56bfc062723c751e8b465ee728b)  -> (artifact id: 'f4f30ff16bea3731132643abaa96657d') in 0.007226 seconds
Number of updated asset objects reloaded before import = 0
Number of asset objects unloaded after import = 3
========================================================================
Received Import Request.
  Time since last request: 0.000012 seconds.
  path: Assets/Buildings_11.asset
  artifactKey: Guid(069bfa4ce2206a94d8eb4d5c7f5b764c) Importer(815301076,1909f56bfc062723c751e8b465ee728b)
Start importing Assets/Buildings_11.asset using Guid(069bfa4ce2206a94d8eb4d5c7f5b764c) Importer(815301076,1909f56bfc062723c751e8b465ee728b)  -> (artifact id: 'd54110c352b63a98e61e6042f8c39f9a') in 0.008328 seconds
Number of updated asset objects reloaded before import = 0
Number of asset objects unloaded after import = 3
========================================================================
Received Import Request.
  Time since last request: 0.000017 seconds.
  path: Assets/Buildings_38.asset
  artifactKey: Guid(d049b0a01eca6514f836ad82935a9c19) Importer(815301076,1909f56bfc062723c751e8b465ee728b)
Start importing Assets/Buildings_38.asset using Guid(d049b0a01eca6514f836ad82935a9c19) Importer(815301076,1909f56bfc062723c751e8b465ee728b)  -> (artifact id: '9d062b9d44e67b757674d4072693bf40') in 0.008164 seconds
Number of updated asset objects reloaded before import = 0
Number of asset objects unloaded after import = 3
========================================================================
Received Import Request.
  Time since last request: 0.000016 seconds.
  path: Assets/Buildings.png
  artifactKey: Guid(43763324b495c244bb7cf9341c03d6e0) Importer(815301076,1909f56bfc062723c751e8b465ee728b)
Start importing Assets/Buildings.png using Guid(43763324b495c244bb7cf9341c03d6e0) Importer(815301076,1909f56bfc062723c751e8b465ee728b)  -> (artifact id: '0eb3bd26e0355c285fae755e230dc161') in 0.534805 seconds
Number of updated asset objects reloaded before import = 0
Number of asset objects unloaded after import = 367
